<?xml version="1.0" encoding="UTF-8"?>
<!-- Generated by org.testng.reporters.JUnitReportReporter -->
<testsuite hostname="LAPTOP-6EKSKEE1" failures="0" tests="1" name="heal.com.runner.Heal_Runner$RunCucumberTest" time="12.431" errors="0" timestamp="2023-08-16T15:56:44 EDT" skipped="0">
  <testcase classname="heal.com.runner.Heal_Runner$RunCucumberTest" name="runScenario" time="12.431"/>
  <system-out/>
</testsuite> <!-- heal.com.runner.Heal_Runner$RunCucumberTest -->
